0 info it worked if it ends with ok
1 verbose cli [ '/Users/jjhiew/.nvm/versions/node/v5.1.0/bin/node',
1 verbose cli   '/Users/jjhiew/.nvm/versions/node/v5.1.0/bin/npm',
1 verbose cli   'start' ]
2 info using npm@3.3.12
3 info using node@v5.1.0
4 verbose run-script [ 'prestart', 'start', 'poststart' ]
5 info lifecycle pklsite@0.0.1~prestart: pklsite@0.0.1
6 silly lifecycle pklsite@0.0.1~prestart: no script for prestart, continuing
7 info lifecycle pklsite@0.0.1~start: pklsite@0.0.1
8 verbose lifecycle pklsite@0.0.1~start: unsafe-perm in lifecycle true
9 verbose lifecycle pklsite@0.0.1~start: PATH: /Users/jjhiew/.nvm/versions/node/v5.1.0/lib/node_modules/npm/bin/node-gyp-bin:/Users/jjhiew/Projects/Web/pklsite.github/node_modules/.bin:/Users/jjhiew/.nvm/versions/node/v5.1.0/bin:/Users/jjhiew/.node/bin:/usr/local/bin:/usr/bin:/bin:/usr/sbin:/sbin:~/.composer/vendor/bin:/opt/X11/bin:/usr/local/go/bin
10 verbose lifecycle pklsite@0.0.1~start: CWD: /Users/jjhiew/Projects/Web/pklsite.github
11 silly lifecycle pklsite@0.0.1~start: Args: [ '-c', './node_modules/harp/bin/harp server' ]
12 silly lifecycle pklsite@0.0.1~start: Returned: code: 1  signal: null
13 info lifecycle pklsite@0.0.1~start: Failed to exec start script
14 verbose stack Error: pklsite@0.0.1 start: `./node_modules/harp/bin/harp server`
14 verbose stack Exit status 1
14 verbose stack     at EventEmitter.<anonymous> (/Users/jjhiew/.nvm/versions/node/v5.1.0/lib/node_modules/npm/lib/utils/lifecycle.js:232:16)
14 verbose stack     at emitTwo (events.js:87:13)
14 verbose stack     at EventEmitter.emit (events.js:172:7)
14 verbose stack     at ChildProcess.<anonymous> (/Users/jjhiew/.nvm/versions/node/v5.1.0/lib/node_modules/npm/lib/utils/spawn.js:24:14)
14 verbose stack     at emitTwo (events.js:87:13)
14 verbose stack     at ChildProcess.emit (events.js:172:7)
14 verbose stack     at maybeClose (internal/child_process.js:818:16)
14 verbose stack     at Process.ChildProcess._handle.onexit (internal/child_process.js:211:5)
15 verbose pkgid pklsite@0.0.1
16 verbose cwd /Users/jjhiew/Projects/Web/pklsite.github
17 error Darwin 15.2.0
18 error argv "/Users/jjhiew/.nvm/versions/node/v5.1.0/bin/node" "/Users/jjhiew/.nvm/versions/node/v5.1.0/bin/npm" "start"
19 error node v5.1.0
20 error npm  v3.3.12
21 error code ELIFECYCLE
22 error pklsite@0.0.1 start: `./node_modules/harp/bin/harp server`
22 error Exit status 1
23 error Failed at the pklsite@0.0.1 start script './node_modules/harp/bin/harp server'.
23 error Make sure you have the latest version of node.js and npm installed.
23 error If you do, this is most likely a problem with the pklsite package,
23 error not with npm itself.
23 error Tell the author that this fails on your system:
23 error     ./node_modules/harp/bin/harp server
23 error You can get their info via:
23 error     npm owner ls pklsite
23 error There is likely additional logging output above.
24 verbose exit [ 1, true ]
